<?xml version="1.0" encoding="UTF-8"?>
<!-- Generated by org.testng.reporters.JUnitXMLReporter -->
<testsuite ignored="0" hostname="LAPTOP-T9AMV25E" failures="0" tests="9" name="Default test" time="55.395" errors="0" timestamp="2024-12-04T23:19:43 IST">
  <testcase classname="com.parabank.testcases.TC_RegisterCustomerTest" name="verifyAppLaunch" time="5.927"/>
  <testcase classname="com.parabank.testcases.TC_RegisterCustomerTest" name="verifyRegistration" time="6.888"/>
  <testcase classname="com.parabank.testcases.TC_RegisterCustomerTest" name="verifyLogOut" time="1.574"/>
  <testcase classname="com.parabank.testcases.TC_RegisterCustomerTest" name="verifyLogin" time="4.306"/>
  <testcase classname="com.parabank.testcases.TC_RegisterCustomerTest" name="verifyInitialAccountDetails" time="2.562"/>
  <testcase classname="com.parabank.testcases.TC_RegisterCustomerTest" name="verifyOpenNewAccount" time="10.297"/>
  <testcase classname="com.parabank.testcases.TC_RegisterCustomerTest" name="verifyFundsTransfer" time="6.785"/>
  <testcase classname="com.parabank.testcases.TC_RegisterCustomerTest" name="verifyBillPayment" time="8.002"/>
  <testcase classname="com.parabank.testcases.TC_RegisterCustomerTest" name="verifyTransactionDetailsByAmountAPI" time="4.327"/>
</testsuite> <!-- Default test -->
