<?xml version="1.0" encoding="UTF-8"?>
<!-- Generated by org.testng.reporters.JUnitXMLReporter -->
<testsuite ignored="0" hostname="LAPTOP-T9AMV25E" failures="0" tests="9" name="Test" time="71.833" errors="0" timestamp="2024-12-05T07:49:44 IST">
  <testcase classname="com.parabank.testcases.TC_RegisterCustomerTest" name="verifyAppLaunch" time="8.239"/>
  <testcase classname="com.parabank.testcases.TC_RegisterCustomerTest" name="verifyRegistration" time="9.046"/>
  <testcase classname="com.parabank.testcases.TC_RegisterCustomerTest" name="verifyLogOut" time="2.155"/>
  <testcase classname="com.parabank.testcases.TC_RegisterCustomerTest" name="verifyLogin" time="3.785"/>
  <testcase classname="com.parabank.testcases.TC_RegisterCustomerTest" name="verifyInitialAccountDetails" time="2.821"/>
  <testcase classname="com.parabank.testcases.TC_RegisterCustomerTest" name="verifyOpenNewAccount" time="11.974"/>
  <testcase classname="com.parabank.testcases.TC_RegisterCustomerTest" name="verifyFundsTransfer" time="8.294"/>
  <testcase classname="com.parabank.testcases.TC_RegisterCustomerTest" name="verifyBillPayment" time="10.704"/>
  <testcase classname="com.parabank.testcases.TC_RegisterCustomerTest" name="verifyTransactionDetailsByAmountAPI" time="7.252"/>
</testsuite> <!-- Test -->
